{"name": "Approve request for new card", "status": "broken", "statusDetails": {"message": "selenium.common.exceptions.NoSuchElementException: Message: no such element: Unable to locate element: {\"method\":\"xpath\",\"selector\":\"//body[1]/div[1]/div[3]/div[1]/div[1]/div[5]/div[3]/button[1]\"}\n  (Session info: chrome=88.0.4324.146)\n\n", "trace": "  File \"c:\\users\\lukegoh\\desktop\\python projects\\automationtesting\\venv\\lib\\site-packages\\behave\\model.py\", line 1329, in run\n    match.run(runner.context)\n  File \"c:\\users\\lukegoh\\desktop\\python projects\\automationtesting\\venv\\lib\\site-packages\\behave\\matchers.py\", line 98, in run\n    self.func(context, *args, **kwargs)\n  File \"features\\steps\\approverequeststeps.py\", line 58, in step_impl\n    context.driver.find_element_by_xpath(approve_button_xpath).click()\n  File \"c:\\users\\lukegoh\\desktop\\python projects\\automationtesting\\venv\\lib\\site-packages\\selenium\\webdriver\\remote\\webdriver.py\", line 394, in find_element_by_xpath\n    return self.find_element(by=By.XPATH, value=xpath)\n  File \"c:\\users\\lukegoh\\desktop\\python projects\\automationtesting\\venv\\lib\\site-packages\\selenium\\webdriver\\remote\\webdriver.py\", line 978, in find_element\n    'value': value})['value']\n  File \"c:\\users\\lukegoh\\desktop\\python projects\\automationtesting\\venv\\lib\\site-packages\\selenium\\webdriver\\remote\\webdriver.py\", line 321, in execute\n    self.error_handler.check_response(response)\n  File \"c:\\users\\lukegoh\\desktop\\python projects\\automationtesting\\venv\\lib\\site-packages\\selenium\\webdriver\\remote\\errorhandler.py\", line 242, in check_response\n    raise exception_class(message, screen, stacktrace)\n"}, "steps": [{"name": "Given the user browse EZ-Link's Portal", "status": "passed", "start": 1612854324373, "stop": 1612854333066}, {"name": "When he enter username and password", "status": "passed", "start": 1612854333067, "stop": 1612854333752}, {"name": "Then he should be able to login to View All Top Up Requests page", "status": "passed", "start": 1612854333752, "stop": 1612854334830}, {"name": "Given the user click the filter results for the job order number of new card entered in filter textbox", "status": "passed", "start": 1612854334830, "stop": 1612854354347}, {"name": "When he check the job order number, number of cards and top-up amount", "status": "broken", "statusDetails": {"message": "selenium.common.exceptions.NoSuchElementException: Message: no such element: Unable to locate element: {\"method\":\"xpath\",\"selector\":\"//body[1]/div[1]/div[3]/div[1]/div[1]/div[5]/div[3]/button[1]\"}\n  (Session info: chrome=88.0.4324.146)\n\n", "trace": "  File \"c:\\users\\lukegoh\\desktop\\python projects\\automationtesting\\venv\\lib\\site-packages\\behave\\model.py\", line 1329, in run\n    match.run(runner.context)\n  File \"c:\\users\\lukegoh\\desktop\\python projects\\automationtesting\\venv\\lib\\site-packages\\behave\\matchers.py\", line 98, in run\n    self.func(context, *args, **kwargs)\n  File \"features\\steps\\approverequeststeps.py\", line 58, in step_impl\n    context.driver.find_element_by_xpath(approve_button_xpath).click()\n  File \"c:\\users\\lukegoh\\desktop\\python projects\\automationtesting\\venv\\lib\\site-packages\\selenium\\webdriver\\remote\\webdriver.py\", line 394, in find_element_by_xpath\n    return self.find_element(by=By.XPATH, value=xpath)\n  File \"c:\\users\\lukegoh\\desktop\\python projects\\automationtesting\\venv\\lib\\site-packages\\selenium\\webdriver\\remote\\webdriver.py\", line 978, in find_element\n    'value': value})['value']\n  File \"c:\\users\\lukegoh\\desktop\\python projects\\automationtesting\\venv\\lib\\site-packages\\selenium\\webdriver\\remote\\webdriver.py\", line 321, in execute\n    self.error_handler.check_response(response)\n  File \"c:\\users\\lukegoh\\desktop\\python projects\\automationtesting\\venv\\lib\\site-packages\\selenium\\webdriver\\remote\\errorhandler.py\", line 242, in check_response\n    raise exception_class(message, screen, stacktrace)\n"}, "start": 1612854354347, "stop": 1612854364401}, {"name": "Then the successful submission response is displayed once request is submitted", "status": "skipped", "start": 1612854364403, "stop": 1612854364403}, {"name": "And status will show \"Approved\" when user search for the job order number of new card entered in the filter textbox", "status": "skipped", "start": 1612854364403, "stop": 1612854364403}, {"name": "And eventually status will show \"Topup_Completed\" upon reloading the page", "status": "skipped", "start": 1612854364403, "stop": 1612854364403}], "start": 1612854324371, "stop": 1612854364403, "uuid": "795b153f-6b72-4ce1-a3fd-06d056606323", "historyId": "4e0814559f62c584e457d6b1c5b5f51e", "fullName": "Approval of top up requests: Approve request for new card", "labels": [{"name": "severity", "value": "normal"}, {"name": "feature", "value": "Approval of top up requests"}, {"name": "framework", "value": "behave"}, {"name": "language", "value": "cpython3"}]}