{"name": "Approve request for existing card", "status": "broken", "statusDetails": {"message": "selenium.common.exceptions.NoSuchElementException: Message: no such element: Unable to locate element: {\"method\":\"xpath\",\"selector\":\"//body[1]/div[1]/div[3]/div[1]/div[1]/div[5]/div[3]/button[1]\"}\n  (Session info: chrome=88.0.4324.146)\n\n", "trace": "  File \"c:\\users\\lukegoh\\desktop\\python projects\\automationtesting\\venv\\lib\\site-packages\\behave\\model.py\", line 1329, in run\n    match.run(runner.context)\n  File \"c:\\users\\lukegoh\\desktop\\python projects\\automationtesting\\venv\\lib\\site-packages\\behave\\matchers.py\", line 98, in run\n    self.func(context, *args, **kwargs)\n  File \"features\\steps\\approverequeststeps.py\", line 105, in step_impl\n    context.driver.find_element_by_xpath(approve_button_xpath).click()\n  File \"c:\\users\\lukegoh\\desktop\\python projects\\automationtesting\\venv\\lib\\site-packages\\selenium\\webdriver\\remote\\webdriver.py\", line 394, in find_element_by_xpath\n    return self.find_element(by=By.XPATH, value=xpath)\n  File \"c:\\users\\lukegoh\\desktop\\python projects\\automationtesting\\venv\\lib\\site-packages\\selenium\\webdriver\\remote\\webdriver.py\", line 978, in find_element\n    'value': value})['value']\n  File \"c:\\users\\lukegoh\\desktop\\python projects\\automationtesting\\venv\\lib\\site-packages\\selenium\\webdriver\\remote\\webdriver.py\", line 321, in execute\n    self.error_handler.check_response(response)\n  File \"c:\\users\\lukegoh\\desktop\\python projects\\automationtesting\\venv\\lib\\site-packages\\selenium\\webdriver\\remote\\errorhandler.py\", line 242, in check_response\n    raise exception_class(message, screen, stacktrace)\n"}, "steps": [{"name": "Given the user browse EZ-Link's Portal", "status": "passed", "start": 1612854687155, "stop": 1612854699434}, {"name": "When he enter username and password", "status": "passed", "start": 1612854699434, "stop": 1612854700099}, {"name": "Then he should be able to login to View All Top Up Requests page", "status": "passed", "start": 1612854700099, "stop": 1612854700921}, {"name": "Given the user click the filter results for the job order number of existing card entered in filter textbox", "status": "passed", "start": 1612854700921, "stop": 1612854720540}, {"name": "When he check request info of existing card", "status": "broken", "statusDetails": {"message": "selenium.common.exceptions.NoSuchElementException: Message: no such element: Unable to locate element: {\"method\":\"xpath\",\"selector\":\"//body[1]/div[1]/div[3]/div[1]/div[1]/div[5]/div[3]/button[1]\"}\n  (Session info: chrome=88.0.4324.146)\n\n", "trace": "  File \"c:\\users\\lukegoh\\desktop\\python projects\\automationtesting\\venv\\lib\\site-packages\\behave\\model.py\", line 1329, in run\n    match.run(runner.context)\n  File \"c:\\users\\lukegoh\\desktop\\python projects\\automationtesting\\venv\\lib\\site-packages\\behave\\matchers.py\", line 98, in run\n    self.func(context, *args, **kwargs)\n  File \"features\\steps\\approverequeststeps.py\", line 105, in step_impl\n    context.driver.find_element_by_xpath(approve_button_xpath).click()\n  File \"c:\\users\\lukegoh\\desktop\\python projects\\automationtesting\\venv\\lib\\site-packages\\selenium\\webdriver\\remote\\webdriver.py\", line 394, in find_element_by_xpath\n    return self.find_element(by=By.XPATH, value=xpath)\n  File \"c:\\users\\lukegoh\\desktop\\python projects\\automationtesting\\venv\\lib\\site-packages\\selenium\\webdriver\\remote\\webdriver.py\", line 978, in find_element\n    'value': value})['value']\n  File \"c:\\users\\lukegoh\\desktop\\python projects\\automationtesting\\venv\\lib\\site-packages\\selenium\\webdriver\\remote\\webdriver.py\", line 321, in execute\n    self.error_handler.check_response(response)\n  File \"c:\\users\\lukegoh\\desktop\\python projects\\automationtesting\\venv\\lib\\site-packages\\selenium\\webdriver\\remote\\errorhandler.py\", line 242, in check_response\n    raise exception_class(message, screen, stacktrace)\n"}, "start": 1612854720541, "stop": 1612854732227}, {"name": "Then the successful response is displayed once request is submitted", "status": "skipped", "start": 1612854732232, "stop": 1612854732232}, {"name": "And status will show \"Approved\" when user search for the job order number of existing card entered in the filter textbox", "status": "skipped", "start": 1612854732232, "stop": 1612854732232}, {"name": "And eventually status will display \"Topup_Completed\"", "status": "skipped", "start": 1612854732232, "stop": 1612854732232}], "start": 1612854687154, "stop": 1612854732232, "uuid": "b8e485f7-4549-418d-a5f8-9f441a1599f1", "historyId": "23fd24458949aecac4c913e434d252f0", "fullName": "Approval of top up requests: Approve request for existing card", "labels": [{"name": "severity", "value": "normal"}, {"name": "feature", "value": "Approval of top up requests"}, {"name": "framework", "value": "behave"}, {"name": "language", "value": "cpython3"}]}